0 info it worked if it ends with ok
1 verbose cli [ 'C:\\Program Files\\nodejs\\node.exe',
1 verbose cli   'C:\\Program Files\\nodejs\\node_modules\\npm\\bin\\npm-cli.js',
1 verbose cli   'install',
1 verbose cli   'grunt-concat-css',
1 verbose cli   '--save-dev' ]
2 info using npm@2.14.20
3 info using node@v4.4.0
4 verbose install initial load of C:\MAMP\htdocs\lab\pixel-html\package.json
5 warn package.json pixel-html@1.0.0 No description
6 warn package.json pixel-html@1.0.0 No repository field.
7 warn package.json pixel-html@1.0.0 No README data
8 verbose installManyTop reading scoped package data from C:\MAMP\htdocs\lab\pixel-html\node_modules\font-awesome\package.json
9 verbose installManyTop reading scoped package data from C:\MAMP\htdocs\lab\pixel-html\node_modules\grunt\package.json
10 verbose installManyTop reading scoped package data from C:\MAMP\htdocs\lab\pixel-html\node_modules\grunt-contrib-compass\package.json
11 verbose installManyTop reading scoped package data from C:\MAMP\htdocs\lab\pixel-html\node_modules\grunt-contrib-concat\package.json
12 verbose installManyTop reading scoped package data from C:\MAMP\htdocs\lab\pixel-html\node_modules\grunt-contrib-connect\package.json
13 verbose installManyTop reading scoped package data from C:\MAMP\htdocs\lab\pixel-html\node_modules\grunt-contrib-imagemin\package.json
14 verbose installManyTop reading scoped package data from C:\MAMP\htdocs\lab\pixel-html\node_modules\grunt-contrib-uglify\package.json
15 verbose installManyTop reading scoped package data from C:\MAMP\htdocs\lab\pixel-html\node_modules\grunt-contrib-watch\package.json
16 verbose installManyTop reading scoped package data from C:\MAMP\htdocs\lab\pixel-html\node_modules\grunt-spritesmith\package.json
17 verbose installManyTop reading scoped package data from C:\MAMP\htdocs\lab\pixel-html\node_modules\grunt-wiredep\package.json
18 info package.json grunt-wiredep@3.0.1 No license field.
19 verbose readDependencies loading dependencies from C:\MAMP\htdocs\lab\pixel-html\package.json
20 silly cache add args [ 'grunt-concat-css', null ]
21 verbose cache add spec grunt-concat-css
22 silly cache add parsed spec Result {
22 silly cache add   raw: 'grunt-concat-css',
22 silly cache add   scope: null,
22 silly cache add   name: 'grunt-concat-css',
22 silly cache add   rawSpec: '',
22 silly cache add   spec: 'latest',
22 silly cache add   type: 'tag' }
23 silly addNamed grunt-concat-css@latest
24 verbose addNamed "latest" is being treated as a dist-tag for grunt-concat-css
25 info addNameTag [ 'grunt-concat-css', 'latest' ]
26 silly mapToRegistry name grunt-concat-css
27 silly mapToRegistry using default registry
28 silly mapToRegistry registry https://registry.npmjs.org/
29 silly mapToRegistry uri https://registry.npmjs.org/grunt-concat-css
30 verbose addNameTag registry:https://registry.npmjs.org/grunt-concat-css not in flight; fetching
31 verbose request uri https://registry.npmjs.org/grunt-concat-css
32 verbose request no auth needed
33 info attempt registry request try #1 at 11:59:10 AM
34 verbose request id 7ef8dffc410f23b3
35 verbose etag "3LKNS640OEF6H86MCMHH97MF7"
36 http request GET https://registry.npmjs.org/grunt-concat-css
37 http 200 https://registry.npmjs.org/grunt-concat-css
38 verbose headers { server: 'nginx/1.10.1',
38 verbose headers   'content-type': 'application/json',
38 verbose headers   'last-modified': 'Mon, 03 Feb 2014 14:08:48 GMT',
38 verbose headers   etag: 'W/"52efa2f0-2456"',
38 verbose headers   'content-encoding': 'gzip',
38 verbose headers   'cache-control': 'max-age=300',
38 verbose headers   'content-length': '2116',
38 verbose headers   'accept-ranges': 'bytes',
38 verbose headers   date: 'Wed, 18 Jan 2017 07:59:10 GMT',
38 verbose headers   via: '1.1 varnish',
38 verbose headers   age: '0',
38 verbose headers   connection: 'keep-alive',
38 verbose headers   'x-served-by': 'cache-fjr7922-FJR',
38 verbose headers   'x-cache': 'MISS',
38 verbose headers   'x-cache-hits': '0',
38 verbose headers   'x-timer': 'S1484726350.159439,VS0,VE533',
38 verbose headers   vary: 'Accept-Encoding' }
39 silly get cb [ 200,
39 silly get   { server: 'nginx/1.10.1',
39 silly get     'content-type': 'application/json',
39 silly get     'last-modified': 'Mon, 03 Feb 2014 14:08:48 GMT',
39 silly get     etag: 'W/"52efa2f0-2456"',
39 silly get     'content-encoding': 'gzip',
39 silly get     'cache-control': 'max-age=300',
39 silly get     'content-length': '2116',
39 silly get     'accept-ranges': 'bytes',
39 silly get     date: 'Wed, 18 Jan 2017 07:59:10 GMT',
39 silly get     via: '1.1 varnish',
39 silly get     age: '0',
39 silly get     connection: 'keep-alive',
39 silly get     'x-served-by': 'cache-fjr7922-FJR',
39 silly get     'x-cache': 'MISS',
39 silly get     'x-cache-hits': '0',
39 silly get     'x-timer': 'S1484726350.159439,VS0,VE533',
39 silly get     vary: 'Accept-Encoding' } ]
40 verbose get saving grunt-concat-css to C:\Users\sesay-world\AppData\Roaming\npm-cache\registry.npmjs.org\grunt-concat-css\.cache.json
41 verbose correctMkdir C:\Users\sesay-world\AppData\Roaming\npm-cache correctMkdir not in flight; initializing
42 silly addNameTag next cb for grunt-concat-css with tag latest
43 silly addNamed grunt-concat-css@0.3.1
44 verbose addNamed "0.3.1" is a plain semver version for grunt-concat-css
45 silly cache afterAdd grunt-concat-css@0.3.1
46 verbose afterAdd C:\Users\sesay-world\AppData\Roaming\npm-cache\grunt-concat-css\0.3.1\package\package.json not in flight; writing
47 verbose correctMkdir C:\Users\sesay-world\AppData\Roaming\npm-cache correctMkdir not in flight; initializing
48 verbose afterAdd C:\Users\sesay-world\AppData\Roaming\npm-cache\grunt-concat-css\0.3.1\package\package.json written
49 silly install resolved [ { name: 'grunt-concat-css',
49 silly install resolved     version: '0.3.1',
49 silly install resolved     description: 'Concat CSS with @import statements at top and relative url preserved.',
49 silly install resolved     homepage: 'https://github.com/urturn/grunt-concat-css',
49 silly install resolved     author: { name: 'Olivier Amblet', email: 'olivier@amblet.net' },
49 silly install resolved     repository:
49 silly install resolved      { type: 'git',
49 silly install resolved        url: 'git+https://github.com/urturn/grunt-concat-css.git' },
49 silly install resolved     bugs: { url: 'https://github.com/urturn/grunt-concat-css/issues' },
49 silly install resolved     licenses: [ [Object] ],
49 silly install resolved     engines: { node: '>= 0.8.0' },
49 silly install resolved     scripts: { test: 'grunt test' },
49 silly install resolved     directories: { test: 'test' },
49 silly install resolved     devDependencies:
49 silly install resolved      { grunt: '~0.4.2',
49 silly install resolved        'grunt-concat-css': 'git://github.com/webdoc/grunt-concat-css.git',
49 silly install resolved        'grunt-contrib-clean': '~0.5.0',
49 silly install resolved        'grunt-contrib-jshint': '~0.8.0',
49 silly install resolved        'grunt-contrib-nodeunit': '~0.2.2' },
49 silly install resolved     peerDependencies: { grunt: '~0.4.1' },
49 silly install resolved     keywords: [ 'gruntplugin', 'css', 'concat' ],
49 silly install resolved     _id: 'grunt-concat-css@0.3.1',
49 silly install resolved     dist:
49 silly install resolved      { shasum: 'b52c7511c696868cdae6ec4048df5bdd2896dd12',
49 silly install resolved        tarball: 'https://registry.npmjs.org/grunt-concat-css/-/grunt-concat-css-0.3.1.tgz' },
49 silly install resolved     _from: 'grunt-concat-css@latest',
49 silly install resolved     _npmVersion: '1.2.17',
49 silly install resolved     _npmUser: { name: 'oliamb', email: 'olivier@amblet.net' },
49 silly install resolved     maintainers: [ [Object] ],
49 silly install resolved     _shasum: 'b52c7511c696868cdae6ec4048df5bdd2896dd12',
49 silly install resolved     _resolved: 'https://registry.npmjs.org/grunt-concat-css/-/grunt-concat-css-0.3.1.tgz',
49 silly install resolved     readme: 'ERROR: No README data found!' } ]
50 info install grunt-concat-css@0.3.1 into C:\MAMP\htdocs\lab\pixel-html
51 info installOne grunt-concat-css@0.3.1
52 verbose installOne of grunt-concat-css to C:\MAMP\htdocs\lab\pixel-html not in flight; installing
53 verbose correctMkdir C:\Users\sesay-world\AppData\Roaming\npm-cache\_locks correctMkdir not in flight; initializing
54 verbose lock using C:\Users\sesay-world\AppData\Roaming\npm-cache\_locks\grunt-concat-css-a2a13e5df0f2b401.lock for C:\MAMP\htdocs\lab\pixel-html\node_modules\grunt-concat-css
55 silly install write writing grunt-concat-css 0.3.1 to C:\MAMP\htdocs\lab\pixel-html\node_modules\grunt-concat-css
56 verbose unbuild node_modules\grunt-concat-css
57 silly gentlyRm C:\MAMP\htdocs\lab\pixel-html\node_modules\grunt-concat-css is being purged from base C:\MAMP\htdocs\lab\pixel-html
58 verbose gentlyRm don't care about contents; nuking C:\MAMP\htdocs\lab\pixel-html\node_modules\grunt-concat-css
59 verbose tar unpack C:\Users\sesay-world\AppData\Roaming\npm-cache\grunt-concat-css\0.3.1\package.tgz
60 verbose tar unpacking to C:\MAMP\htdocs\lab\pixel-html\node_modules\grunt-concat-css
61 silly gentlyRm C:\MAMP\htdocs\lab\pixel-html\node_modules\grunt-concat-css is being purged
62 verbose gentlyRm don't care about contents; nuking C:\MAMP\htdocs\lab\pixel-html\node_modules\grunt-concat-css
63 silly gunzTarPerm modes [ '777', '666' ]
64 silly gunzTarPerm extractEntry package.json
65 silly gunzTarPerm modified mode [ 'package.json', 420, 438 ]
66 silly gunzTarPerm extractEntry .npmignore
67 silly gunzTarPerm modified mode [ '.npmignore', 420, 438 ]
68 silly gunzTarPerm extractEntry README.md
69 silly gunzTarPerm modified mode [ 'README.md', 420, 438 ]
70 silly gunzTarPerm extractEntry Gruntfile.js
71 silly gunzTarPerm modified mode [ 'Gruntfile.js', 420, 438 ]
72 silly gunzTarPerm extractEntry .jshintrc
73 silly gunzTarPerm modified mode [ '.jshintrc', 420, 438 ]
74 silly gunzTarPerm extractEntry LICENSE-MIT
75 silly gunzTarPerm modified mode [ 'LICENSE-MIT', 420, 438 ]
76 silly gunzTarPerm extractEntry tasks/concat_css.js
77 silly gunzTarPerm modified mode [ 'tasks/concat_css.js', 420, 438 ]
78 silly gunzTarPerm extractEntry test/concat_css_test.js
79 silly gunzTarPerm modified mode [ 'test/concat_css_test.js', 420, 438 ]
80 silly gunzTarPerm extractEntry test/expected/basedir_options.css
81 silly gunzTarPerm modified mode [ 'test/expected/basedir_options.css', 420, 438 ]
82 silly gunzTarPerm extractEntry test/expected/default_options.css
83 silly gunzTarPerm modified mode [ 'test/expected/default_options.css', 420, 438 ]
84 silly gunzTarPerm extractEntry test/expected/no_basedir_options.css
85 silly gunzTarPerm modified mode [ 'test/expected/no_basedir_options.css', 420, 438 ]
86 silly gunzTarPerm extractEntry test/expected/rebase_urls.css
87 silly gunzTarPerm modified mode [ 'test/expected/rebase_urls.css', 420, 438 ]
88 silly gunzTarPerm extractEntry test/fixtures/component_a/css/style.css
89 silly gunzTarPerm modified mode [ 'test/fixtures/component_a/css/style.css', 420, 438 ]
90 silly gunzTarPerm extractEntry test/fixtures/import.css
91 silly gunzTarPerm modified mode [ 'test/fixtures/import.css', 420, 438 ]
92 silly gunzTarPerm extractEntry test/fixtures/test.css
93 silly gunzTarPerm modified mode [ 'test/fixtures/test.css', 420, 438 ]
94 verbose write writing to C:\MAMP\htdocs\lab\pixel-html\node_modules\grunt-concat-css\package.json
95 info preinstall grunt-concat-css@0.3.1
96 verbose readDependencies loading dependencies from C:\MAMP\htdocs\lab\pixel-html\node_modules\grunt-concat-css\package.json
97 silly prepareForInstallMany adding grunt@~0.4.1 from grunt-concat-css peerDependencies
98 warn peerDependencies The peer dependency grunt@~0.4.1 included from grunt-concat-css will no
99 warn peerDependencies longer be automatically installed to fulfill the peerDependency
100 warn peerDependencies in npm 3+. Your application will need to depend on it explicitly.
101 verbose readDependencies loading dependencies from C:\MAMP\htdocs\lab\pixel-html\node_modules\grunt-concat-css\package.json
102 silly install resolved []
103 verbose about to build C:\MAMP\htdocs\lab\pixel-html\node_modules\grunt-concat-css
104 info build C:\MAMP\htdocs\lab\pixel-html\node_modules\grunt-concat-css
105 info linkStuff grunt-concat-css@0.3.1
106 silly linkStuff grunt-concat-css@0.3.1 has C:\MAMP\htdocs\lab\pixel-html\node_modules as its parent node_modules
107 verbose linkBins grunt-concat-css@0.3.1
108 verbose linkMans grunt-concat-css@0.3.1
109 verbose rebuildBundles grunt-concat-css@0.3.1
110 info install grunt-concat-css@0.3.1
111 info postinstall grunt-concat-css@0.3.1
112 verbose readDependencies loading dependencies from C:\MAMP\htdocs\lab\pixel-html\package.json
113 verbose targetResolver reading package data from C:\MAMP\htdocs\lab\pixel-html\node_modules\font-awesome\package.json
114 verbose targetResolver reading package data from C:\MAMP\htdocs\lab\pixel-html\node_modules\grunt\package.json
115 verbose targetResolver reading package data from C:\MAMP\htdocs\lab\pixel-html\node_modules\grunt-concat-css\package.json
116 verbose targetResolver reading package data from C:\MAMP\htdocs\lab\pixel-html\node_modules\grunt-contrib-compass\package.json
117 verbose targetResolver reading package data from C:\MAMP\htdocs\lab\pixel-html\node_modules\grunt-contrib-concat\package.json
118 verbose targetResolver reading package data from C:\MAMP\htdocs\lab\pixel-html\node_modules\grunt-contrib-connect\package.json
119 verbose targetResolver reading package data from C:\MAMP\htdocs\lab\pixel-html\node_modules\grunt-contrib-imagemin\package.json
120 verbose targetResolver reading package data from C:\MAMP\htdocs\lab\pixel-html\node_modules\grunt-contrib-uglify\package.json
121 verbose targetResolver reading package data from C:\MAMP\htdocs\lab\pixel-html\node_modules\grunt-contrib-watch\package.json
122 verbose targetResolver reading package data from C:\MAMP\htdocs\lab\pixel-html\node_modules\grunt-spritesmith\package.json
123 verbose targetResolver reading package data from C:\MAMP\htdocs\lab\pixel-html\node_modules\grunt-wiredep\package.json
124 verbose targetResolver reading package data from C:\MAMP\htdocs\lab\pixel-html\node_modules\.bin\grunt\package.json
125 verbose targetResolver reading package data from C:\MAMP\htdocs\lab\pixel-html\node_modules\.bin\grunt.cmd\package.json
126 verbose already installed skipping grunt@~0.4.1 C:\MAMP\htdocs\lab\pixel-html
127 silly install resolved []
128 verbose unlock done using C:\Users\sesay-world\AppData\Roaming\npm-cache\_locks\grunt-concat-css-a2a13e5df0f2b401.lock for C:\MAMP\htdocs\lab\pixel-html\node_modules\grunt-concat-css
129 verbose validateInstall loading C:\MAMP\htdocs\lab\pixel-html\package.json for validation
130 verbose stack Error: The package grunt@1.0.1 does not satisfy its siblings' peerDependencies requirements!
130 verbose stack     at C:\Program Files\nodejs\node_modules\npm\lib\install.js:125:32
130 verbose stack     at C:\Program Files\nodejs\node_modules\npm\lib\install.js:268:7
130 verbose stack     at C:\Program Files\nodejs\node_modules\npm\node_modules\read-installed\read-installed.js:142:5
130 verbose stack     at C:\Program Files\nodejs\node_modules\npm\node_modules\read-installed\read-installed.js:263:14
130 verbose stack     at cb (C:\Program Files\nodejs\node_modules\npm\node_modules\slide\lib\async-map.js:47:24)
130 verbose stack     at C:\Program Files\nodejs\node_modules\npm\node_modules\read-installed\read-installed.js:263:14
130 verbose stack     at cb (C:\Program Files\nodejs\node_modules\npm\node_modules\slide\lib\async-map.js:47:24)
130 verbose stack     at C:\Program Files\nodejs\node_modules\npm\node_modules\read-installed\read-installed.js:263:14
130 verbose stack     at cb (C:\Program Files\nodejs\node_modules\npm\node_modules\slide\lib\async-map.js:47:24)
130 verbose stack     at C:\Program Files\nodejs\node_modules\npm\node_modules\read-installed\read-installed.js:263:14
131 verbose cwd C:\MAMP\htdocs\lab\pixel-html
132 error Windows_NT 10.0.14393
133 error argv "C:\\Program Files\\nodejs\\node.exe" "C:\\Program Files\\nodejs\\node_modules\\npm\\bin\\npm-cli.js" "install" "grunt-concat-css" "--save-dev"
134 error node v4.4.0
135 error npm  v2.14.20
136 error code EPEERINVALID
137 error peerinvalid The package grunt@1.0.1 does not satisfy its siblings' peerDependencies requirements!
137 error peerinvalid Peer grunt-concat-css@0.3.1 wants grunt@~0.4.1
137 error peerinvalid Peer grunt-contrib-concat@1.0.1 wants grunt@>=0.4.0
137 error peerinvalid Peer grunt-contrib-connect@1.0.2 wants grunt@>=0.4.0
137 error peerinvalid Peer grunt-wiredep@3.0.1 wants grunt@>=0.4.0
137 error peerinvalid Peer grunt-contrib-compass@1.1.1 wants grunt@>= 0.4.5
138 verbose exit [ 1, true ]
